Error: vault 0.10.2 is already installed
To upgrade to 0.10.3, run `brew upgrade vault`
Error: vim 8.1.0001 is already installed
To upgrade to 8.1.0150, run `brew upgrade vim`
Warning: kops 1.9.1 is already installed and up-to-date
To reinstall 1.9.1, run `brew reinstall kops`
Warning: kubernetes-helm 2.9.1 is already installed and up-to-date
To reinstall 2.9.1, run `brew reinstall kubernetes-helm`
Warning: wget 1.19.5 is already installed and up-to-date
To reinstall 1.19.5, run `brew reinstall wget`
Error: git 2.17.1 is already installed
To upgrade to 2.18.0, run `brew upgrade git`
Error: No available formula with the name "vagrant" 
Warning: homebrew/core is shallow clone. To get complete history run:
  git -C "$(brew --repo homebrew/core)" fetch --unshallow

==> Searching for a previously deleted formula (in the last month)...
Error: No previously deleted formula found.
==> Searching taps on GitHub...
==> Searching for similarly named formulae...
This similarly named formula was found:
vagrant-completion
To install it, run:
  brew install vagrant-completion
==> Searching taps...
Warning: Error searching on GitHub: GitHub 
The GitHub credentials in the macOS keychain may be invalid.
Clear them with:
  printf "protocol=https\nhost=github.com\n" | git credential-osxkeychain erase
Or create a personal access token:
  https://github.com/settings/tokens/new?scopes=gist,public_repo&description=Homebrew
and then set the token as: export HOMEBREW_GITHUB_API_TOKEN="your_new_token"

Error: No formulae found in taps.
Warning: kubectx 0.5.0 is already installed and up-to-date
To reinstall 0.5.0, run `brew reinstall kubectx`
Warning: htop 2.2.0 is already installed and up-to-date
To reinstall 2.2.0, run `brew reinstall htop`
Warning: jq 1.5_3 is already installed and up-to-date
To reinstall 1.5_3, run `brew reinstall jq`
Warning: telnet 54.50.1 is already installed and up-to-date
To reinstall 54.50.1, run `brew reinstall telnet`
Warning: tnftp 20070806 is already installed and up-to-date
To reinstall 20070806, run `brew reinstall tnftp`
Warning: tnftpd 20100324 is already installed and up-to-date
To reinstall 20100324, run `brew reinstall tnftpd`
Warning: telnet 54.50.1 is already installed and up-to-date
To reinstall 54.50.1, run `brew reinstall telnet`
Warning: telnetd 54.50.1 is already installed and up-to-date
To reinstall 54.50.1, run `brew reinstall telnetd`
Error: node 10.4.0 is already installed
To upgrade to 10.6.0, run `brew upgrade node`
Warning: watch 3.3.15 is already installed and up-to-date
To reinstall 3.3.15, run `brew reinstall watch`
Error: awscli 1.15.30 is already installed
To upgrade to 1.15.50, run `brew upgrade awscli`
Error: No available formula with the name "gshred" 
Warning: homebrew/core is shallow clone. To get complete history run:
  git -C "$(brew --repo homebrew/core)" fetch --unshallow

==> Searching for a previously deleted formula (in the last month)...
Error: No previously deleted formula found.
Error: No similarly named formulae found.
==> Searching taps on GitHub...
==> Searching for similarly named formulae...
==> Searching taps...
Warning: Error searching on GitHub: GitHub 
The GitHub credentials in the macOS keychain may be invalid.
Clear them with:
  printf "protocol=https\nhost=github.com\n" | git credential-osxkeychain erase
Or create a personal access token:
  https://github.com/settings/tokens/new?scopes=gist,public_repo&description=Homebrew
and then set the token as: export HOMEBREW_GITHUB_API_TOKEN="your_new_token"

Error: No formulae found in taps.
Error: coreutils 8.29 is already installed
To upgrade to 8.30, run `brew upgrade coreutils`
Warning: gnupg 2.2.8 is already installed and up-to-date
To reinstall 2.2.8, run `brew reinstall gnupg`
Warning: p7zip 16.02_1 is already installed and up-to-date
To reinstall 16.02_1, run `brew reinstall p7zip`
Error: mysql 5.7.22 is already installed
To upgrade to 8.0.11, run `brew upgrade mysql`
Error: stern 1.6.0 is already installed
To upgrade to 1.7.0, run `brew upgrade stern`
Warning: go 1.10.3 is already installed and up-to-date
To reinstall 1.10.3, run `brew reinstall go`
Error: No available formula with the name "pip" 
Homebrew provides pip via: `brew install python`. However you will then
have two Pythons installed on your Mac, so alternatively you can install
pip via the instructions at:
  https://pip.readthedocs.io/en/stable/installing/
Warning: ntfs-3g 2017.3.23 is already installed and up-to-date
To reinstall 2017.3.23, run `brew reinstall ntfs-3g`
Warning: tree 1.7.0 is already installed and up-to-date
To reinstall 1.7.0, run `brew reinstall tree`
Error: ansible 2.5.4 is already installed
To upgrade to 2.6.1, run `brew upgrade ansible`
Warning: ansifilter 2.10 is already installed and up-to-date
To reinstall 2.10, run `brew reinstall ansifilter`
Warning: terraform 0.11.7 is already installed and up-to-date
To reinstall 0.11.7, run `brew reinstall terraform`
Warning: gnu-sed 4.5 is already installed and up-to-date
To reinstall 4.5, run `brew reinstall gnu-sed`
Error: kubernetes-cli 1.10.4 is already installed
To upgrade to 1.11.0, run `brew upgrade kubernetes-cli`
Warning: Cask 'osxfuse' is already installed.

To re-install osxfuse, run:
  brew cask reinstall osxfuse
Warning: Cask 'minikube' is already installed.

To re-install minikube, run:
  brew cask reinstall minikube
